[0;34m[2026-04-01 12:41:13][0m ==========================================
[0;34m[2026-04-01 12:41:13][0m Starting health check...
[0;34m[2026-04-01 12:41:13][0m ==========================================
[0;34m[2026-04-01 12:41:13][0m Checking application on http://localhost:3000...
[0;32m[2026-04-01 12:41:13][0m Application is responding on port 3000
[0;34m[2026-04-01 12:41:13][0m Checking PM2 process status...
[1;33m[2026-04-01 12:41:13][0m PM2 not installed
[0;34m[2026-04-01 12:41:13][0m Checking Cloudflare tunnel (https://med.netfree.in.th)...
[0;32m[2026-04-01 12:41:13][0m Cloudflare tunnel is responding (HTTP 200)
[0;34m[2026-04-01 12:41:13][0m Checking disk space...
[0;32m[2026-04-01 12:41:13][0m Disk usage is 39%
[0;34m[2026-04-01 12:41:13][0m Checking memory usage...
[0;32m[2026-04-01 12:41:13][0m Memory usage is 38%
[0;34m[2026-04-01 12:41:13][0m ==========================================
[0;34m[2026-04-01 12:41:13][0m Health Check Summary
[0;34m[2026-04-01 12:41:13][0m ==========================================
[0;34m[2026-04-01 12:41:13][0m ==========================================
[0;34m[2026-04-01 12:56:04][0m ==========================================
[0;34m[2026-04-01 12:56:04][0m Starting health check...
[0;34m[2026-04-01 12:56:04][0m ==========================================
[0;34m[2026-04-01 12:56:04][0m Checking application on http://localhost:3000...
[0;32m[2026-04-01 12:56:04][0m Application is responding on port 3000
[0;34m[2026-04-01 12:56:04][0m Checking PM2 process status...
[1;33m[2026-04-01 12:56:04][0m PM2 not installed
[0;34m[2026-04-01 12:56:04][0m Checking Cloudflare tunnel (https://med.netfree.in.th)...
[0;32m[2026-04-01 12:56:04][0m Cloudflare tunnel is responding (HTTP 200)
[0;34m[2026-04-01 12:56:04][0m Checking disk space...
[0;32m[2026-04-01 12:56:04][0m Disk usage is 39%
[0;34m[2026-04-01 12:56:04][0m Checking memory usage...
[0;32m[2026-04-01 12:56:04][0m Memory usage is 40%
[0;34m[2026-04-01 12:56:04][0m ==========================================
[0;34m[2026-04-01 12:56:04][0m Health Check Summary
[0;34m[2026-04-01 12:56:04][0m ==========================================
[0;34m[2026-04-01 12:56:04][0m ==========================================
[0;34m[2026-04-01 13:04:14][0m ==========================================
[0;34m[2026-04-01 13:04:14][0m Starting health check...
[0;34m[2026-04-01 13:04:14][0m ==========================================
[0;34m[2026-04-01 13:04:14][0m Checking application on http://localhost:3000...
[0;32m[2026-04-01 13:04:14][0m Application is responding on port 3000
[0;34m[2026-04-01 13:04:14][0m Checking PM2 process status...
[1;33m[2026-04-01 13:04:14][0m PM2 not installed
[0;34m[2026-04-01 13:04:14][0m Checking Cloudflare tunnel (https://med.netfree.in.th)...
[0;32m[2026-04-01 13:04:15][0m Cloudflare tunnel is responding (HTTP 200)
[0;34m[2026-04-01 13:04:15][0m Checking disk space...
[0;32m[2026-04-01 13:04:15][0m Disk usage is 39%
[0;34m[2026-04-01 13:04:15][0m Checking memory usage...
[0;32m[2026-04-01 13:04:15][0m Memory usage is 41%
[0;34m[2026-04-01 13:04:15][0m ==========================================
[0;34m[2026-04-01 13:04:15][0m Health Check Summary
[0;34m[2026-04-01 13:04:15][0m ==========================================
[0;34m[2026-04-01 13:04:15][0m ==========================================
